time="2021-12-29T14:42:14+03:00" level=info msg="Logger is created"
time="2021-12-29T14:42:14+03:00" level=info msg="Read application configuration..."
time="2021-12-29T14:42:14+03:00" level=info msg="Config is created"
time="2021-12-29T14:43:27+03:00" level=info msg="Logger is created"
time="2021-12-29T14:43:27+03:00" level=info msg="Read application configuration..."
time="2021-12-29T14:43:27+03:00" level=info msg="Config is created"
time="2021-12-29T14:43:28+03:00" level=error msg="Failed to ping mongo"
time="2021-12-29T14:43:28+03:00" level=fatal msg="Failed create mongo client"
time="2021-12-29T14:47:40+03:00" level=info msg="Logger is created"
time="2021-12-29T14:47:40+03:00" level=info msg="Read application configuration..."
time="2021-12-29T14:47:40+03:00" level=info msg="Config is created"
time="2021-12-29T14:47:41+03:00" level=error msg="Failed to ping mongo"
time="2021-12-29T14:47:41+03:00" level=fatal msg="Failed create mongo client"
time="2021-12-29T14:49:48+03:00" level=info msg="Logger is created"
time="2021-12-29T14:49:48+03:00" level=info msg="Read application configuration..."
time="2021-12-29T14:49:48+03:00" level=info msg="Config is created"
time="2021-12-29T14:49:48+03:00" level=error msg="Failed to ping mongo"
time="2021-12-29T14:49:48+03:00" level=fatal msg="connection() error occured during connection handshake: auth error: sasl conversation error: unable to authenticate using mechanism \"SCRAM-SHA-1\": (AuthenticationFailed) Authentication failed."
time="2021-12-29T14:50:30+03:00" level=info msg="Logger is created"
time="2021-12-29T14:50:30+03:00" level=info msg="Read application configuration..."
time="2021-12-29T14:50:30+03:00" level=info
time="2021-12-29T14:50:30+03:00" level=fatal msg="field \"Username\" is required but the value is not provided"
time="2021-12-29T14:51:05+03:00" level=info msg="Logger is created"
time="2021-12-29T14:51:05+03:00" level=info msg="Read application configuration..."
time="2021-12-29T14:51:05+03:00" level=info msg="Config is created"
time="2021-12-29T14:51:06+03:00" level=info msg="Mongo is connected"
time="2021-12-29T21:02:13+03:00" level=info msg="Logger is created"
time="2021-12-29T21:02:13+03:00" level=info msg="Read application configuration..."
time="2021-12-29T21:02:14+03:00" level=info msg="Config is created"
time="2021-12-29T21:02:14+03:00" level=info msg="Mongo is connected"
time="2021-12-29T21:14:31+03:00" level=info msg="Logger is created"
time="2021-12-29T21:14:31+03:00" level=info msg="Read application configuration..."
time="2021-12-29T21:14:31+03:00" level=info msg="Config is created"
time="2021-12-29T21:14:31+03:00" level=info msg="Mongo is connected"
time="2021-12-29T21:16:46+03:00" level=info msg="Logger is created"
time="2021-12-29T21:16:46+03:00" level=info msg="Read application configuration..."
time="2021-12-29T21:16:46+03:00" level=info msg="Config is created"
time="2021-12-29T21:16:47+03:00" level=info msg="Mongo is connected"
time="2021-12-29T21:17:23+03:00" level=info msg="Logger is created"
time="2021-12-29T21:17:23+03:00" level=info msg="Read application configuration..."
time="2021-12-29T21:17:23+03:00" level=info msg="Config is created"
time="2021-12-29T21:17:24+03:00" level=info msg="Mongo is connected"
time="2021-12-29T21:44:35+03:00" level=info msg="Logger is created"
time="2021-12-29T21:44:35+03:00" level=info msg="Read application configuration..."
time="2021-12-29T21:44:35+03:00" level=info msg="Config is created"
time="2021-12-29T21:44:36+03:00" level=info msg="Mongo is connected"
time="2021-12-29T21:45:30+03:00" level=info msg="Logger is created"
time="2021-12-29T21:45:30+03:00" level=info msg="Read application configuration..."
time="2021-12-29T21:45:30+03:00" level=info msg="Config is created"
time="2021-12-29T21:45:30+03:00" level=info msg="Mongo is connected"
time="2021-12-30T16:24:26+03:00" level=info msg="Logger is created"
time="2021-12-30T16:24:26+03:00" level=info msg="Read application configuration..."
time="2021-12-30T16:24:26+03:00" level=info msg="Config is created"
time="2021-12-30T16:24:26+03:00" level=info msg="Mongo is connected"
time="2021-12-30T16:25:47+03:00" level=info msg="Logger is created"
time="2021-12-30T16:25:47+03:00" level=info msg="Read application configuration..."
time="2021-12-30T16:25:47+03:00" level=info msg="Config is created"
time="2021-12-30T16:25:47+03:00" level=info msg="Mongo is connected"
time="2021-12-30T16:26:15+03:00" level=info msg="Logger is created"
time="2021-12-30T16:26:15+03:00" level=info msg="Read application configuration..."
time="2021-12-30T16:26:15+03:00" level=info msg="Config is created"
time="2021-12-30T16:26:15+03:00" level=info msg="Mongo is connected"
time="2021-12-30T16:31:32+03:00" level=info msg="Logger is created"
time="2021-12-30T16:31:32+03:00" level=info msg="Read application configuration..."
time="2021-12-30T16:31:32+03:00" level=info msg="Config is created"
time="2021-12-30T16:31:33+03:00" level=info msg="Mongo is connected"
time="2021-12-30T16:32:15+03:00" level=info msg="Logger is created"
time="2021-12-30T16:32:15+03:00" level=info msg="Read application configuration..."
time="2021-12-30T16:32:15+03:00" level=info msg="Config is created"
time="2021-12-30T16:32:16+03:00" level=info msg="Mongo is connected"
time="2021-12-30T16:33:01+03:00" level=info msg="Logger is created"
time="2021-12-30T16:33:02+03:00" level=info msg="Read application configuration..."
time="2021-12-30T16:33:02+03:00" level=info msg="Config is created"
time="2021-12-30T16:33:02+03:00" level=info msg="Mongo is connected"
time="2021-12-30T20:13:17+03:00" level=info msg="Logger is created"
time="2021-12-30T20:13:17+03:00" level=info msg="Read application configuration..."
time="2021-12-30T20:13:17+03:00" level=info msg="Config is created"
time="2021-12-30T20:13:18+03:00" level=info msg="Mongo is connected"
time="2021-12-30T20:14:13+03:00" level=info msg="Logger is created"
time="2021-12-30T20:14:13+03:00" level=info msg="Read application configuration..."
time="2021-12-30T20:14:13+03:00" level=info msg="Config is created"
time="2021-12-30T20:14:14+03:00" level=info msg="Mongo is connected"
time="2021-12-30T20:16:05+03:00" level=info msg="Logger is created"
time="2021-12-30T20:16:05+03:00" level=info msg="Read application configuration..."
time="2021-12-30T20:16:05+03:00" level=info msg="Config is created"
time="2021-12-30T20:16:06+03:00" level=info msg="Mongo is connected"
time="2021-12-30T22:45:39+03:00" level=info msg="Logger is created"
time="2021-12-30T22:45:39+03:00" level=info msg="Read application configuration..."
time="2021-12-30T22:45:39+03:00" level=info msg="Config is created"
time="2021-12-30T22:45:39+03:00" level=info msg="Mongo is connected"
time="2021-12-30T22:46:37+03:00" level=info msg="Logger is created"
time="2021-12-30T22:46:37+03:00" level=info msg="Read application configuration..."
time="2021-12-30T22:46:37+03:00" level=info msg="Config is created"
time="2021-12-30T22:46:38+03:00" level=info msg="Mongo is connected"
time="2021-12-30T22:48:57+03:00" level=info msg="Logger is created"
time="2021-12-30T22:48:57+03:00" level=info msg="Read application configuration..."
time="2021-12-30T22:48:57+03:00" level=info msg="Config is created"
time="2021-12-30T22:48:57+03:00" level=info msg="Mongo is connected"
time="2021-12-31T13:18:46+03:00" level=info msg="Logger is created"
time="2021-12-31T13:18:46+03:00" level=info msg="Read application configuration..."
time="2021-12-31T13:18:46+03:00" level=info msg="Config is created"
time="2021-12-31T13:18:47+03:00" level=info msg="Mongo is connected"
time="2021-12-31T13:19:32+03:00" level=info msg="Logger is created"
time="2021-12-31T13:19:32+03:00" level=info msg="Read application configuration..."
time="2021-12-31T13:19:32+03:00" level=info msg="Config is created"
time="2021-12-31T13:19:33+03:00" level=info msg="Mongo is connected"
time="2021-12-31T13:21:04+03:00" level=info msg="Logger is created"
time="2021-12-31T13:21:04+03:00" level=info msg="Read application configuration..."
time="2021-12-31T13:21:04+03:00" level=info msg="Config is created"
time="2021-12-31T13:21:04+03:00" level=info msg="Mongo is connected"
time="2021-12-31T13:21:50+03:00" level=info msg="Logger is created"
time="2021-12-31T13:21:50+03:00" level=info msg="Read application configuration..."
time="2021-12-31T13:21:50+03:00" level=info msg="Config is created"
time="2021-12-31T13:21:50+03:00" level=info msg="Mongo is connected"
time="2021-12-31T13:24:54+03:00" level=info msg="Logger is created"
time="2021-12-31T13:24:54+03:00" level=info msg="Read application configuration..."
time="2021-12-31T13:24:54+03:00" level=info msg="Config is created"
time="2021-12-31T13:24:55+03:00" level=info msg="Mongo is connected"
time="2021-12-31T14:28:39+03:00" level=info msg="Logger is created"
time="2021-12-31T14:28:39+03:00" level=info msg="Read application configuration..."
time="2021-12-31T14:28:39+03:00" level=info msg="Config is created"
time="2021-12-31T14:28:39+03:00" level=info msg="Mongo is connected"
time="2021-12-31T14:29:05+03:00" level=info msg="Logger is created"
time="2021-12-31T14:29:05+03:00" level=info msg="Read application configuration..."
time="2021-12-31T14:29:05+03:00" level=info msg="Config is created"
time="2021-12-31T14:29:06+03:00" level=info msg="Mongo is connected"
time="2021-12-31T14:35:41+03:00" level=info msg="Logger is created"
time="2021-12-31T14:35:41+03:00" level=info msg="Read application configuration..."
time="2021-12-31T14:35:41+03:00" level=info msg="Config is created"
time="2021-12-31T14:35:41+03:00" level=info msg="Mongo is connected"
time="2021-12-31T14:36:21+03:00" level=info msg="Logger is created"
time="2021-12-31T14:36:21+03:00" level=info msg="Read application configuration..."
time="2021-12-31T14:36:21+03:00" level=info msg="Config is created"
time="2021-12-31T14:36:22+03:00" level=info msg="Mongo is connected"
time="2021-12-31T14:37:07+03:00" level=info msg="Logger is created"
time="2021-12-31T14:37:07+03:00" level=info msg="Read application configuration..."
time="2021-12-31T14:37:07+03:00" level=info msg="Config is created"
time="2021-12-31T14:37:08+03:00" level=info msg="Mongo is connected"
time="2021-12-31T15:38:36+03:00" level=info msg="Logger is created"
time="2021-12-31T15:38:36+03:00" level=info msg="Read application configuration..."
time="2021-12-31T15:38:36+03:00" level=info msg="Config is created"
time="2021-12-31T15:38:37+03:00" level=info msg="Mongo is connected"
time="2021-12-31T15:45:12+03:00" level=info msg="Logger is created"
time="2021-12-31T15:45:12+03:00" level=info msg="Read application configuration..."
time="2021-12-31T15:45:12+03:00" level=info msg="Config is created"
time="2021-12-31T15:45:13+03:00" level=info msg="Mongo is connected"
time="2021-12-31T15:45:42+03:00" level=info msg="Logger is created"
time="2021-12-31T15:45:42+03:00" level=info msg="Read application configuration..."
time="2021-12-31T15:45:42+03:00" level=info msg="Config is created"
time="2021-12-31T15:45:42+03:00" level=info msg="Mongo is connected"
time="2021-12-31T15:50:16+03:00" level=info msg="Logger is created"
time="2021-12-31T15:50:16+03:00" level=info msg="Read application configuration..."
time="2021-12-31T15:50:16+03:00" level=info msg="Config is created"
time="2021-12-31T15:50:16+03:00" level=info msg="Mongo is connected"
time="2022-01-01T22:21:21+03:00" level=info msg="Logger is created"
time="2022-01-01T22:21:21+03:00" level=info msg="Read application configuration..."
time="2022-01-01T22:21:21+03:00" level=info msg="Config is created"
time="2022-01-01T22:21:21+03:00" level=info msg="Mongo is connected"
time="2022-01-01T22:22:48+03:00" level=info msg="Logger is created"
time="2022-01-01T22:22:48+03:00" level=info msg="Read application configuration..."
time="2022-01-01T22:22:48+03:00" level=info msg="Config is created"
time="2022-01-01T22:22:48+03:00" level=info msg="Mongo is connected"
time="2022-01-01T22:23:47+03:00" level=error msg="invalid id paramName"
time="2022-01-01T22:24:37+03:00" level=error msg="mongo: no documents in result"
time="2022-01-01T22:30:24+03:00" level=info msg="Logger is created"
time="2022-01-01T22:30:24+03:00" level=info msg="Read application configuration..."
time="2022-01-01T22:30:24+03:00" level=info msg="Config is created"
time="2022-01-01T22:30:24+03:00" level=info msg="Mongo is connected"
time="2022-01-01T22:31:20+03:00" level=info msg="Logger is created"
time="2022-01-01T22:31:20+03:00" level=info msg="Read application configuration..."
time="2022-01-01T22:31:20+03:00" level=info msg="Config is created"
time="2022-01-01T22:31:20+03:00" level=info msg="Mongo is connected"
time="2022-01-03T12:50:07+03:00" level=info msg="Logger is created"
time="2022-01-03T12:50:07+03:00" level=info msg="Read application configuration..."
time="2022-01-03T12:50:07+03:00" level=info msg="Config is created"
time="2022-01-03T12:50:07+03:00" level=info msg="Mongo is connected"
time="2022-01-03T12:58:39+03:00" level=info msg="Logger is created"
time="2022-01-03T12:58:39+03:00" level=info msg="Read application configuration..."
time="2022-01-03T12:58:39+03:00" level=info msg="Config is created"
time="2022-01-03T12:58:40+03:00" level=info msg="Mongo is connected"
time="2022-01-03T13:06:22+03:00" level=error msg="invalid id paramName"
time="2022-01-03T13:06:22+03:00" level=error msg="mongo: no documents in result"
time="2022-01-03T13:07:20+03:00" level=info msg="Logger is created"
time="2022-01-03T13:07:20+03:00" level=info msg="Read application configuration..."
time="2022-01-03T13:07:20+03:00" level=info msg="Config is created"
time="2022-01-03T13:07:20+03:00" level=info msg="Mongo is connected"
time="2022-01-03T13:07:24+03:00" level=error msg="invalid id paramName"
time="2022-01-03T13:07:58+03:00" level=info msg="Logger is created"
time="2022-01-03T13:07:58+03:00" level=info msg="Read application configuration..."
time="2022-01-03T13:07:58+03:00" level=info msg="Config is created"
time="2022-01-03T13:07:59+03:00" level=info msg="Mongo is connected"
time="2022-01-03T13:08:03+03:00" level=error msg="invalid id param"
time="2022-01-03T13:08:14+03:00" level=error msg="invalid id param"
time="2022-01-03T13:08:47+03:00" level=error msg="Invalid input body"
time="2022-01-03T13:09:00+03:00" level=error msg="Invalid input body"
time="2022-01-03T13:09:09+03:00" level=error msg="Invalid input body"
time="2022-01-03T13:13:49+03:00" level=info msg="Logger is created"
time="2022-01-03T13:13:50+03:00" level=info msg="Read application configuration..."
time="2022-01-03T13:13:50+03:00" level=info msg="Config is created"
time="2022-01-03T13:13:50+03:00" level=info msg="Mongo is connected"
time="2022-01-03T13:18:42+03:00" level=info msg="Logger is created"
time="2022-01-03T13:18:42+03:00" level=info msg="Read application configuration..."
time="2022-01-03T13:18:42+03:00" level=info msg="Config is created"
time="2022-01-03T13:18:43+03:00" level=info msg="Mongo is connected"
time="2022-01-03T13:18:50+03:00" level=error msg="Invalid input body"
time="2022-01-03T13:20:57+03:00" level=error msg="invalid id param"
time="2022-01-03T13:21:05+03:00" level=error msg="mongo: no documents in result"
time="2022-01-03T13:23:29+03:00" level=error msg="invalid id param"
time="2022-01-03T13:23:33+03:00" level=error msg="invalid id param"
time="2022-01-03T14:20:55+03:00" level=info msg="Logger is created"
time="2022-01-03T14:20:55+03:00" level=info msg="Read application configuration..."
time="2022-01-03T14:20:55+03:00" level=info msg="Config is created"
time="2022-01-03T14:20:55+03:00" level=info msg="Mongo is connected"
time="2022-01-03T14:21:20+03:00" level=error msg="mongo: no documents in result"
time="2022-01-03T14:21:44+03:00" level=error msg="Invalid input body"
time="2022-01-03T14:23:11+03:00" level=info msg="Logger is created"
time="2022-01-03T14:23:11+03:00" level=info msg="Read application configuration..."
time="2022-01-03T14:23:11+03:00" level=info msg="Config is created"
time="2022-01-03T14:23:12+03:00" level=info msg="Mongo is connected"
time="2022-01-03T14:23:31+03:00" level=error msg="Invalid input body"
time="2022-01-03T14:30:25+03:00" level=error msg="mongo: no documents in result"
time="2022-01-03T14:33:08+03:00" level=info msg="Logger is created"
time="2022-01-03T14:33:08+03:00" level=info msg="Read application configuration..."
time="2022-01-03T14:33:08+03:00" level=info msg="Config is created"
time="2022-01-03T14:33:08+03:00" level=info msg="Mongo is connected"
time="2022-01-03T14:36:58+03:00" level=info msg="Logger is created"
time="2022-01-03T14:36:58+03:00" level=info msg="Read application configuration..."
time="2022-01-03T14:36:58+03:00" level=info msg="Config is created"
time="2022-01-03T14:36:59+03:00" level=info msg="Mongo is connected"
time="2022-01-03T14:38:21+03:00" level=error msg="mongo: no documents in result"
time="2022-01-06T23:07:49+03:00" level=info msg="Logger is created"
time="2022-01-06T23:07:49+03:00" level=info msg="Read application configuration..."
time="2022-01-06T23:07:49+03:00" level=info msg="Config is created"
time="2022-01-08T22:53:41+03:00" level=info msg="Logger is created"
time="2022-01-08T22:53:41+03:00" level=info msg="Read application configuration..."
time="2022-01-08T22:53:41+03:00" level=info msg="Config is created"
time="2022-01-08T22:53:41+03:00" level=info msg="Mongo is connected"
time="2022-01-12T20:13:36+03:00" level=info msg="Logger is created"
time="2022-01-12T20:13:36+03:00" level=info msg="Read application configuration..."
time="2022-01-12T20:13:36+03:00" level=info msg="Config is created"
time="2022-01-12T20:13:36+03:00" level=info msg="Mongo is connected"
time="2022-01-12T21:50:06+03:00" level=info msg="Logger is created"
time="2022-01-12T21:50:06+03:00" level=info msg="Read application configuration..."
time="2022-01-12T21:50:06+03:00" level=info msg="Config is created"
time="2022-01-12T21:50:06+03:00" level=info msg="Mongo is connected"
time="2022-01-12T22:10:04+03:00" level=error msg="Invalid input body"
time="2022-01-14T22:41:15+03:00" level=info msg="Logger is created"
time="2022-01-14T22:41:15+03:00" level=info msg="Read application configuration..."
time="2022-01-14T22:41:15+03:00" level=info msg="Config is created"
time="2022-01-14T22:41:15+03:00" level=info msg="Mongo is connected"
time="2022-01-17T18:54:49+03:00" level=info msg="Logger is created"
time="2022-01-17T18:54:49+03:00" level=info msg="Read application configuration..."
time="2022-01-17T18:54:49+03:00" level=info msg="Config is created"
time="2022-01-17T18:54:49+03:00" level=info msg="Mongo is connected"
time="2022-01-19T19:23:16+03:00" level=info msg="Logger is created"
time="2022-01-19T19:23:16+03:00" level=info msg="Read application configuration..."
time="2022-01-19T19:23:16+03:00" level=info
time="2022-01-19T19:23:16+03:00" level=fatal msg="config file parsing error: yaml: unmarshal errors:\n  line 11: cannot unmarshal !!int `15` into time.Duration\n  line 12: cannot unmarshal !!int `86400` into time.Duration"
time="2022-01-19T19:24:42+03:00" level=info msg="Logger is created"
time="2022-01-19T19:24:42+03:00" level=info msg="Read application configuration..."
time="2022-01-19T19:24:42+03:00" level=info msg="Config is created"
time="2022-01-19T19:24:42+03:00" level=info msg="Mongo is connected"
time="2022-01-19T19:27:48+03:00" level=info msg="Logger is created"
time="2022-01-19T19:27:48+03:00" level=info msg="Read application configuration..."
time="2022-01-19T19:27:48+03:00" level=info msg="Config is created"
time="2022-01-19T19:27:48+03:00" level=info msg="Mongo is connected"
time="2022-01-19T19:28:06+03:00" level=info msg="Logger is created"
time="2022-01-19T19:28:06+03:00" level=info msg="Read application configuration..."
time="2022-01-19T19:28:06+03:00" level=info msg="Config is created"
time="2022-01-19T19:28:06+03:00" level=info msg="Mongo is connected"
time="2022-01-19T19:29:05+03:00" level=error msg="Invalid input body"
time="2022-01-19T19:33:27+03:00" level=info msg="Logger is created"
time="2022-01-19T19:33:27+03:00" level=info msg="Read application configuration..."
time="2022-01-19T19:33:27+03:00" level=info msg="Config is created"
time="2022-01-19T19:33:27+03:00" level=info msg="Mongo is connected"
time="2022-01-19T19:35:01+03:00" level=error msg="Invalid admin credentials"
time="2022-01-19T19:35:36+03:00" level=info msg="Logger is created"
time="2022-01-19T19:35:36+03:00" level=info msg="Read application configuration..."
time="2022-01-19T19:35:36+03:00" level=info msg="Config is created"
time="2022-01-19T19:35:36+03:00" level=info msg="Mongo is connected"
time="2022-01-19T19:35:40+03:00" level=error msg="Invalid admin credentials"
time="2022-01-19T21:34:07+03:00" level=info msg="Logger is created"
time="2022-01-19T21:34:07+03:00" level=info msg="Read application configuration..."
time="2022-01-19T21:34:07+03:00" level=info msg="Config is created"
time="2022-01-19T21:34:07+03:00" level=info msg="Mongo is connected"
time="2022-01-19T23:19:20+03:00" level=info msg="Logger is created"
time="2022-01-19T23:19:20+03:00" level=info msg="Read application configuration..."
time="2022-01-19T23:19:20+03:00" level=info msg="Config is created"
time="2022-01-19T23:19:20+03:00" level=info msg="Mongo is connected"
time="2022-01-19T23:19:27+03:00" level=error msg="Invalid input body"
time="2022-01-19T23:19:47+03:00" level=info msg="Logger is created"
time="2022-01-19T23:19:47+03:00" level=info msg="Read application configuration..."
time="2022-01-19T23:19:47+03:00" level=info msg="Config is created"
time="2022-01-19T23:19:47+03:00" level=info msg="Mongo is connected"
time="2022-01-21T21:48:03+03:00" level=info msg="Logger is created"
time="2022-01-21T21:48:03+03:00" level=info msg="Read application configuration..."
time="2022-01-21T21:48:03+03:00" level=info msg="Config is created"
time="2022-01-21T21:48:03+03:00" level=info msg="Mongo is connected"
time="2022-01-21T21:48:03+03:00" level=info msg="Redis is connected"
time="2022-01-21T21:49:01+03:00" level=info msg="Logger is created"
time="2022-01-21T21:49:01+03:00" level=info msg="Read application configuration..."
time="2022-01-21T21:49:01+03:00" level=info msg="Config is created"
time="2022-01-21T21:49:01+03:00" level=info msg="Mongo is connected"
time="2022-01-21T21:49:01+03:00" level=info msg="Redis is connected"
time="2022-01-21T21:50:29+03:00" level=info msg="Logger is created"
time="2022-01-21T21:50:29+03:00" level=info msg="Read application configuration..."
time="2022-01-21T21:50:29+03:00" level=info msg="Config is created"
time="2022-01-21T21:50:29+03:00" level=info msg="Mongo is connected"
time="2022-01-21T21:50:29+03:00" level=info msg="Redis is connected"
time="2022-01-21T21:51:12+03:00" level=info msg="Logger is created"
time="2022-01-21T21:51:12+03:00" level=info msg="Read application configuration..."
time="2022-01-21T21:51:12+03:00" level=info msg="Config is created"
time="2022-01-21T21:51:12+03:00" level=info msg="Mongo is connected"
time="2022-01-21T21:51:12+03:00" level=info msg="Redis is connected"
time="2022-01-21T21:51:26+03:00" level=info msg="Logger is created"
time="2022-01-21T21:51:26+03:00" level=info msg="Read application configuration..."
time="2022-01-21T21:51:26+03:00" level=info msg="Config is created"
time="2022-01-21T21:51:26+03:00" level=info msg="Mongo is connected"
time="2022-01-21T21:51:26+03:00" level=info msg="Redis is connected"
time="2022-01-21T21:59:42+03:00" level=info msg="Logger is created"
time="2022-01-21T21:59:42+03:00" level=info msg="Read application configuration..."
time="2022-01-21T21:59:42+03:00" level=info msg="Config is created"
time="2022-01-21T21:59:42+03:00" level=info msg="Mongo is connected"
time="2022-01-21T21:59:42+03:00" level=info msg="Redis is connected"
time="2022-01-21T22:00:36+03:00" level=info msg="Logger is created"
time="2022-01-21T22:00:36+03:00" level=info msg="Read application configuration..."
time="2022-01-21T22:00:36+03:00" level=info msg="Config is created"
time="2022-01-21T22:00:36+03:00" level=info msg="Mongo is connected"
time="2022-01-21T22:00:36+03:00" level=info msg="Redis is connected"
time="2022-01-21T22:02:12+03:00" level=info msg="Logger is created"
time="2022-01-21T22:02:12+03:00" level=info msg="Read application configuration..."
time="2022-01-21T22:02:12+03:00" level=info msg="Config is created"
time="2022-01-21T22:02:12+03:00" level=info msg="Mongo is connected"
time="2022-01-21T22:02:12+03:00" level=info msg="Redis is connected"
time="2022-01-21T22:03:25+03:00" level=info msg="Logger is created"
time="2022-01-21T22:03:25+03:00" level=info msg="Read application configuration..."
time="2022-01-21T22:03:25+03:00" level=info msg="Config is created"
time="2022-01-21T22:03:25+03:00" level=info msg="Mongo is connected"
time="2022-01-21T22:03:25+03:00" level=info msg="Redis is connected"
